<?xml version="1.0" encoding="UTF-8"?>
<testsuite name="HtmlParserTest" tests="1" skipped="0" failures="0" errors="0" timestamp="2018-11-29T14:25:05" hostname="DESKTOP-VIHMEGO" time="0.002">
  <properties/>
  <testcase name="parserTest" classname="HtmlParserTest" time="0.002"/>
  <system-out><![CDATA[]]></system-out>
  <system-err><![CDATA[]]></system-err>
</testsuite>
